<?xml version="1.0" encoding="utf-8"?><testsuites name="pytest tests"><testsuite name="pytest" errors="0" failures="1" skipped="0" tests="15" time="2.913" timestamp="2026-05-04T14:01:23.475507+00:00" hostname="agent-env-26e73339-d4d5-406a-aee4-508de42a2cf0"><testcase classname="backend.tests.backend_test.TestProducts" name="test_list_returns_seeded_10" time="0.255" /><testcase classname="backend.tests.backend_test.TestProducts" name="test_filter_by_category" time="0.058" /><testcase classname="backend.tests.backend_test.TestProducts" name="test_filter_featured" time="0.049" /><testcase classname="backend.tests.backend_test.TestTestimonials" name="test_list" time="0.057" /><testcase classname="backend.tests.backend_test.TestAuth" name="test_register_and_me" time="0.483"><failure message="AssertionError: assert 'test_user_b6...8@example.com' == 'TEST_user_b6...8@example.com'&#10;  &#10;  - TEST_user_b6eb04c8@example.com&#10;  ? ^^^^&#10;  + test_user_b6eb04c8@example.com&#10;  ? ^^^^">backend/tests/backend_test.py:76: in test_register_and_me
    assert body["email"] == user_session.email
E   AssertionError: assert 'test_user_b6...8@example.com' == 'TEST_user_b6...8@example.com'
E     
E     - TEST_user_b6eb04c8@example.com
E     ? ^^^^
E     + test_user_b6eb04c8@example.com
E     ? ^^^^</failure></testcase><testcase classname="backend.tests.backend_test.TestAuth" name="test_login_admin_and_me" time="0.378" /><testcase classname="backend.tests.backend_test.TestAuth" name="test_login_invalid" time="0.273" /><testcase classname="backend.tests.backend_test.TestAuth" name="test_logout_clears" time="0.462" /><testcase classname="backend.tests.backend_test.TestAdminProducts" name="test_non_admin_cannot_create" time="0.110" /><testcase classname="backend.tests.backend_test.TestAdminProducts" name="test_unauth_cannot_create" time="0.046" /><testcase classname="backend.tests.backend_test.TestAdminProducts" name="test_admin_create_and_delete" time="0.205" /><testcase classname="backend.tests.backend_test.TestAdminProducts" name="test_non_admin_cannot_delete" time="0.101" /><testcase classname="backend.tests.backend_test.TestContact" name="test_submit" time="0.061" /><testcase classname="backend.tests.backend_test.TestOrders" name="test_unauth_blocked" time="0.044" /><testcase classname="backend.tests.backend_test.TestOrders" name="test_user_create_order" time="0.158" /></testsuite></testsuites>